app/manifest-merger-release-report.txt
-- Merging decision tree log ---
manifest
ADDED from AndroidManifest.xml:2:1
	package
		ADDED from AndroidManifest.xml:3:5
		INJECTED from AndroidManifest.xml:0:0
		INJECTED from AndroidManifest.xml:0:0
	android:versionName
		INJECTED from AndroidManifest.xml:0:0
		INJECTED from AndroidManifest.xml:0:0
	xmlns:android
		ADDED from AndroidManifest.xml:2:11
	android:versionCode
		INJECTED from AndroidManifest.xml:0:0
		INJECTED from AndroidManifest.xml:0:0
uses-permission#android.permission.ACCESS_NETWORK_STATE
ADDED from AndroidManifest.xml:7:5
	android:name
		ADDED from AndroidManifest.xml:7:22
uses-permission#android.permission.INTERNET
ADDED from AndroidManifest.xml:8:5
	android:name
		ADDED from AndroidManifest.xml:8:22
uses-permission#android.permission.CAMERA
ADDED from AndroidManifest.xml:9:5
MERGED from com.journeyapps:zxing-android-embedded:3.0.1:23:5
	android:name
		ADDED from AndroidManifest.xml:9:22
uses-feature#android.hardware.camera
ADDED from AndroidManifest.xml:10:5
MERGED from com.journeyapps:zxing-android-embedded:3.0.1:26:5
	android:name
		ADDED from AndroidManifest.xml:10:19
uses-permission#android.permission.ACCESS_FINE_LOCATION
ADDED from AndroidManifest.xml:11:5
	android:name
		ADDED from AndroidManifest.xml:11:22
uses-permission#android.permission.WRITE_EXTERNAL_STORAGE
ADDED from AndroidManifest.xml:12:5
	android:name
		ADDED from AndroidManifest.xml:12:22
uses-permission#android.permission.CHANGE_WIFI_STATE
ADDED from AndroidManifest.xml:13:5
	android:name
		ADDED from AndroidManifest.xml:13:22
application
ADDED from AndroidManifest.xml:15:5
MERGED from com.android.support:appcompat-v7:21.0.3:16:5
MERGED from com.android.support:support-v4:21.0.3:16:5
MERGED from com.journeyapps:zxing-android-embedded:3.0.1:47:5
	android:label
		ADDED from AndroidManifest.xml:18:9
	android:allowBackup
		ADDED from AndroidManifest.xml:16:9
	android:icon
		ADDED from AndroidManifest.xml:17:9
	android:theme
		ADDED from AndroidManifest.xml:19:9
activity#wortman.com.inventorymanagement.IMLoginActivity
ADDED from AndroidManifest.xml:21:9
	android:name
		ADDED from AndroidManifest.xml:22:13
intent-filter#android.intent.action.MAIN+android.intent.category.LAUNCHER
ADDED from AndroidManifest.xml:23:13
action#android.intent.action.MAIN
ADDED from AndroidManifest.xml:24:17
	android:name
		ADDED from AndroidManifest.xml:24:25
category#android.intent.category.LAUNCHER
ADDED from AndroidManifest.xml:25:17
	android:name
		ADDED from AndroidManifest.xml:25:27
activity#wortman.com.inventorymanagement.MainActivity
ADDED from AndroidManifest.xml:29:9
	android:launchMode
		ADDED from AndroidManifest.xml:31:13
	android:name
		ADDED from AndroidManifest.xml:30:13
intent-filter#android.intent.action.SEARCH
ADDED from AndroidManifest.xml:33:13
action#android.intent.action.SEARCH
ADDED from AndroidManifest.xml:34:17
	android:name
		ADDED from AndroidManifest.xml:34:25
meta-data#android.app.searchable
ADDED from AndroidManifest.xml:37:13
	android:resource
		ADDED from AndroidManifest.xml:38:17
	android:name
		ADDED from AndroidManifest.xml:37:24
activity#wortman.com.inventorymanagement.IMSearchableActivity
ADDED from AndroidManifest.xml:41:9
	android:name
		ADDED from AndroidManifest.xml:42:13
activity#wortman.com.inventorymanagement.IMCaptureActivityOrientation
ADDED from AndroidManifest.xml:52:9
	android:screenOrientation
		ADDED from AndroidManifest.xml:53:13
	android:stateNotNeeded
		ADDED from AndroidManifest.xml:54:13
	android:windowSoftInputMode
		ADDED from AndroidManifest.xml:56:13
	android:theme
		ADDED from AndroidManifest.xml:55:13
	android:name
		ADDED from AndroidManifest.xml:52:19
activity#wortman.com.inventorymanagement.IMAddActivity
ADDED from AndroidManifest.xml:59:9
	android:launchMode
		ADDED from AndroidManifest.xml:61:13
	android:name
		ADDED from AndroidManifest.xml:60:13
activity#wortman.com.inventorymanagement.IMViewEditActivity
ADDED from AndroidManifest.xml:71:9
	android:name
		ADDED from AndroidManifest.xml:72:13
activity#wortman.com.inventorymanagement.IMInventoryActivity
ADDED from AndroidManifest.xml:75:9
	android:launchMode
		ADDED from AndroidManifest.xml:77:13
	android:name
		ADDED from AndroidManifest.xml:76:13
activity#wortman.com.inventorymanagement.IMBarcodeActivity
ADDED from AndroidManifest.xml:87:9
	android:name
		ADDED from AndroidManifest.xml:88:13
activity#wortman.com.inventorymanagement.IMReportActivity
ADDED from AndroidManifest.xml:91:9
	android:name
		ADDED from AndroidManifest.xml:92:13
activity#wortman.com.inventorymanagement.IMLocationActivity
ADDED from AndroidManifest.xml:95:9
	android:launchMode
		ADDED from AndroidManifest.xml:97:13
	android:name
		ADDED from AndroidManifest.xml:96:13
activity#wortman.com.inventorymanagement.IMSearchResultsActivity
ADDED from AndroidManifest.xml:107:9
	android:name
		ADDED from AndroidManifest.xml:108:13
activity#wortman.com.inventorymanagement.IMHelpActivity
ADDED from AndroidManifest.xml:111:9
	android:name
		ADDED from AndroidManifest.xml:112:13
activity#wortman.com.inventorymanagement.IMSettingsActivity
ADDED from AndroidManifest.xml:115:9
	android:name
		ADDED from AndroidManifest.xml:116:13
uses-sdk
INJECTED from AndroidManifest.xml:0:0 reason: use-sdk injection requested
MERGED from com.android.support:appcompat-v7:21.0.3:15:5
MERGED from com.android.support:support-v4:21.0.3:15:5
MERGED from com.journeyapps:zxing-android-embedded:3.0.1:19:5
	android:targetSdkVersion
		INJECTED from AndroidManifest.xml:0:0
		INJECTED from AndroidManifest.xml:0:0
	android:minSdkVersion
		INJECTED from AndroidManifest.xml:0:0
		INJECTED from AndroidManifest.xml:0:0
uses-feature#android.hardware.camera.front
ADDED from com.journeyapps:zxing-android-embedded:3.0.1:29:5
	android:required
		ADDED from com.journeyapps:zxing-android-embedded:3.0.1:31:9
	android:name
		ADDED from com.journeyapps:zxing-android-embedded:3.0.1:30:9
uses-feature#android.hardware.camera.autofocus
ADDED from com.journeyapps:zxing-android-embedded:3.0.1:34:5
	android:required
		ADDED from com.journeyapps:zxing-android-embedded:3.0.1:36:9
	android:name
		ADDED from com.journeyapps:zxing-android-embedded:3.0.1:35:9
uses-feature#android.hardware.camera.flash
ADDED from com.journeyapps:zxing-android-embedded:3.0.1:37:5
	android:required
		ADDED from com.journeyapps:zxing-android-embedded:3.0.1:39:9
	android:name
		ADDED from com.journeyapps:zxing-android-embedded:3.0.1:38:9
uses-feature#android.hardware.screen.landscape
ADDED from com.journeyapps:zxing-android-embedded:3.0.1:40:5
	android:required
		ADDED from com.journeyapps:zxing-android-embedded:3.0.1:42:9
	android:name
		ADDED from com.journeyapps:zxing-android-embedded:3.0.1:41:9
uses-feature#android.hardware.wifi
ADDED from com.journeyapps:zxing-android-embedded:3.0.1:43:5
	android:required
		ADDED from com.journeyapps:zxing-android-embedded:3.0.1:45:9
	android:name
		ADDED from com.journeyapps:zxing-android-embedded:3.0.1:44:9
activity#com.journeyapps.barcodescanner.CaptureActivity
ADDED from com.journeyapps:zxing-android-embedded:3.0.1:48:9
	android:clearTaskOnLaunch
		ADDED from com.journeyapps:zxing-android-embedded:3.0.1:50:13
	android:screenOrientation
		ADDED from com.journeyapps:zxing-android-embedded:3.0.1:51:13
	android:stateNotNeeded
		ADDED from com.journeyapps:zxing-android-embedded:3.0.1:52:13
	android:windowSoftInputMode
		ADDED from com.journeyapps:zxing-android-embedded:3.0.1:54:13
	android:theme
		ADDED from com.journeyapps:zxing-android-embedded:3.0.1:53:13
	android:name
		ADDED from com.journeyapps:zxing-android-embedded:3.0.1:49:13